<?xml version="1.0" encoding="UTF-8"?>
<testsuite xmlns:xsi="http://www.w3.org/2001/XMLSchema-instance" xsi:noNamespaceSchemaLocation="https://maven.apache.org/surefire/maven-surefire-plugin/xsd/surefire-test-report.xsd" name="com.yyf.mallcache.MallCacheApplicationTests" time="38.048" tests="17" errors="0" skipped="0" failures="0">
  <properties>
[...]
</properties>
  <testcase name="cache2" classname="com.yyf.mallcache.MallCacheApplicationTests" time="10.464"/>
  <testcase name="cache3" classname="com.yyf.mallcache.MallCacheApplicationTests" time="0.332"/>
  <testcase name="mapper" classname="com.yyf.mallcache.MallCacheApplicationTests" time="0.369"/>
  <testcase name="redis2" classname="com.yyf.mallcache.MallCacheApplicationTests" time="0.365"/>
  <testcase name="userOperation" classname="com.yyf.mallcache.MallCacheApplicationTests" time="0.287"/>
  <testcase name="userProduct" classname="com.yyf.mallcache.MallCacheApplicationTests" time="0.109"/>
  <testcase name="mq" classname="com.yyf.mallcache.MallCacheApplicationTests" time="0.005"/>
  <testcase name="log" classname="com.yyf.mallcache.MallCacheApplicationTests" time="0.006"/>
  <testcase name="boom" classname="com.yyf.mallcache.MallCacheApplicationTests" time="0.006"/>
  <testcase name="file" classname="com.yyf.mallcache.MallCacheApplicationTests" time="0.005"/>
  <testcase name="time" classname="com.yyf.mallcache.MallCacheApplicationTests" time="0.004"/>
  <testcase name="boom2" classname="com.yyf.mallcache.MallCacheApplicationTests" time="0.004"/>
  <testcase name="cache" classname="com.yyf.mallcache.MallCacheApplicationTests" time="11.117"/>
  <testcase name="mysql" classname="com.yyf.mallcache.MallCacheApplicationTests" time="0.054"/>
  <testcase name="redis" classname="com.yyf.mallcache.MallCacheApplicationTests" time="0.422"/>
  <testcase name="comment" classname="com.yyf.mallcache.MallCacheApplicationTests" time="0.436"/>
  <testcase name="productImage" classname="com.yyf.mallcache.MallCacheApplicationTests" time="0.003"/>
</testsuite>